2022-01-04 00:01:05 [main] INFO  c.d.c.w.c.PinControllerTest - Starting PinControllerTest using Java 17.0.2 on Meghdoots-MacBook-Pro.local with PID 24545 (started by meghdoot in /Users/meghdoot/IdeaProjects/group21/backend)
2022-01-04 00:01:05 [main] INFO  c.d.c.w.c.PinControllerTest - The following profiles are active: test
2022-01-04 00:01:12 [main] INFO  o.s.s.web.DefaultSecurityFilterChain - Will secure any request with [org.springframework.security.web.context.request.async.WebAsyncManagerIntegrationFilter@18026052, org.springframework.security.web.context.SecurityContextPersistenceFilter@51d8f2f2, org.springframework.security.web.header.HeaderWriterFilter@19b9f903, org.springframework.security.web.csrf.CsrfFilter@4ce267cc, org.springframework.security.web.authentication.logout.LogoutFilter@49ced9c7, org.springframework.security.oauth2.client.web.OAuth2AuthorizationRequestRedirectFilter@67b560fe, org.springframework.security.oauth2.client.web.OAuth2AuthorizationRequestRedirectFilter@18e4551, org.springframework.security.oauth2.client.web.OAuth2LoginAuthenticationFilter@892af0e, org.springframework.security.web.authentication.ui.DefaultLoginPageGeneratingFilter@919086, org.springframework.security.web.authentication.ui.DefaultLogoutPageGeneratingFilter@489f62a3, org.springframework.security.web.savedrequest.RequestCacheAwareFilter@4f235e8e, org.springframework.security.web.servletapi.SecurityContextHolderAwareRequestFilter@524f5ea5, org.springframework.security.web.authentication.AnonymousAuthenticationFilter@6e068ac9, org.springframework.security.oauth2.client.web.OAuth2AuthorizationCodeGrantFilter@25d911a, org.springframework.security.web.session.SessionManagementFilter@22ae905f, org.springframework.security.web.access.ExceptionTranslationFilter@698d6d30, org.springframework.security.web.access.intercept.FilterSecurityInterceptor@25de8898]
2022-01-04 00:01:12 [main] INFO  o.s.b.t.m.w.SpringBootMockServletContext - Initializing Spring TestDispatcherServlet ''
2022-01-04 00:01:12 [main] INFO  o.s.t.w.s.TestDispatcherServlet - Initializing Servlet ''
2022-01-04 00:01:12 [main] INFO  o.s.t.w.s.TestDispatcherServlet - Completed initialization in 4 ms
2022-01-04 00:01:12 [main] INFO  c.d.c.w.c.PinControllerTest - Started PinControllerTest in 8.52 seconds (JVM running for 13.278)
2022-01-04 00:01:12 [main] INFO  o.s.b.t.m.w.SpringBootMockServletContext - Initializing Spring TestDispatcherServlet ''
2022-01-04 00:01:12 [main] INFO  o.s.t.w.s.TestDispatcherServlet - Initializing Servlet ''
2022-01-04 00:01:12 [main] INFO  o.s.t.w.s.TestDispatcherServlet - Completed initialization in 2 ms
2022-01-04 00:01:13 [main] INFO  o.s.b.t.m.w.SpringBootMockServletContext - Initializing Spring TestDispatcherServlet ''
2022-01-04 00:01:13 [main] INFO  o.s.t.w.s.TestDispatcherServlet - Initializing Servlet ''
2022-01-04 00:01:13 [main] INFO  o.s.t.w.s.TestDispatcherServlet - Completed initialization in 2 ms
2022-01-04 00:01:13 [main] INFO  o.s.b.t.m.w.SpringBootMockServletContext - Initializing Spring TestDispatcherServlet ''
2022-01-04 00:01:13 [main] INFO  o.s.t.w.s.TestDispatcherServlet - Initializing Servlet ''
2022-01-04 00:01:13 [main] INFO  o.s.t.w.s.TestDispatcherServlet - Completed initialization in 6 ms
2022-01-04 00:01:13 [main] INFO  o.s.b.t.m.w.SpringBootMockServletContext - Initializing Spring TestDispatcherServlet ''
2022-01-04 00:01:13 [main] INFO  o.s.t.w.s.TestDispatcherServlet - Initializing Servlet ''
2022-01-04 00:01:13 [main] INFO  o.s.t.w.s.TestDispatcherServlet - Completed initialization in 9 ms
2022-01-04 00:01:13 [main] INFO  o.s.b.t.m.w.SpringBootMockServletContext - Initializing Spring TestDispatcherServlet ''
2022-01-04 00:01:13 [main] INFO  o.s.t.w.s.TestDispatcherServlet - Initializing Servlet ''
2022-01-04 00:01:13 [main] INFO  o.s.t.w.s.TestDispatcherServlet - Completed initialization in 2 ms
2022-01-04 00:01:13 [main] INFO  o.s.b.t.m.w.SpringBootMockServletContext - Initializing Spring TestDispatcherServlet ''
2022-01-04 00:01:13 [main] INFO  o.s.t.w.s.TestDispatcherServlet - Initializing Servlet ''
2022-01-04 00:01:13 [main] INFO  o.s.t.w.s.TestDispatcherServlet - Completed initialization in 10 ms
2022-01-04 00:01:13 [main] INFO  o.s.b.t.m.w.SpringBootMockServletContext - Initializing Spring TestDispatcherServlet ''
2022-01-04 00:01:13 [main] INFO  o.s.t.w.s.TestDispatcherServlet - Initializing Servlet ''
2022-01-04 00:01:13 [main] INFO  o.s.t.w.s.TestDispatcherServlet - Completed initialization in 9 ms
2022-01-04 00:01:14 [main] INFO  o.s.b.t.m.w.SpringBootMockServletContext - Initializing Spring TestDispatcherServlet ''
2022-01-04 00:01:14 [main] INFO  o.s.t.w.s.TestDispatcherServlet - Initializing Servlet ''
2022-01-04 00:01:14 [main] INFO  o.s.t.w.s.TestDispatcherServlet - Completed initialization in 4 ms
2022-01-04 00:01:14 [main] INFO  o.s.b.t.m.w.SpringBootMockServletContext - Initializing Spring TestDispatcherServlet ''
2022-01-04 00:01:14 [main] INFO  o.s.t.w.s.TestDispatcherServlet - Initializing Servlet ''
2022-01-04 00:01:14 [main] INFO  o.s.t.w.s.TestDispatcherServlet - Completed initialization in 5 ms
2022-01-04 00:01:14 [main] INFO  o.s.b.t.m.w.SpringBootMockServletContext - Initializing Spring TestDispatcherServlet ''
2022-01-04 00:01:14 [main] INFO  o.s.t.w.s.TestDispatcherServlet - Initializing Servlet ''
2022-01-04 00:01:14 [main] INFO  o.s.t.w.s.TestDispatcherServlet - Completed initialization in 8 ms
2022-01-04 00:01:14 [main] INFO  o.s.b.t.m.w.SpringBootMockServletContext - Initializing Spring TestDispatcherServlet ''
2022-01-04 00:01:14 [main] INFO  o.s.t.w.s.TestDispatcherServlet - Initializing Servlet ''
2022-01-04 00:01:14 [main] INFO  o.s.t.w.s.TestDispatcherServlet - Completed initialization in 2 ms
2022-01-04 00:01:14 [main] INFO  o.s.b.t.m.w.SpringBootMockServletContext - Initializing Spring TestDispatcherServlet ''
2022-01-04 00:01:14 [main] INFO  o.s.t.w.s.TestDispatcherServlet - Initializing Servlet ''
2022-01-04 00:01:14 [main] INFO  o.s.t.w.s.TestDispatcherServlet - Completed initialization in 1 ms
2022-01-04 00:01:14 [main] INFO  o.s.b.t.m.w.SpringBootMockServletContext - Initializing Spring TestDispatcherServlet ''
2022-01-04 00:01:14 [main] INFO  o.s.t.w.s.TestDispatcherServlet - Initializing Servlet ''
2022-01-04 00:01:14 [main] INFO  o.s.t.w.s.TestDispatcherServlet - Completed initialization in 0 ms
2022-03-04 00:03:34 [main] INFO  c.d.c.w.c.PinControllerTest - Starting PinControllerTest using Java 17.0.2 on Meghdoots-MacBook-Pro.local with PID 24587 (started by meghdoot in /Users/meghdoot/IdeaProjects/group21/backend)
2022-03-04 00:03:34 [main] INFO  c.d.c.w.c.PinControllerTest - The following profiles are active: test
2022-03-04 00:03:44 [main] INFO  o.s.s.web.DefaultSecurityFilterChain - Will secure any request with [org.springframework.security.web.context.request.async.WebAsyncManagerIntegrationFilter@1682e6a, org.springframework.security.web.context.SecurityContextPersistenceFilter@7c91fe86, org.springframework.security.web.header.HeaderWriterFilter@4ce267cc, org.springframework.security.web.csrf.CsrfFilter@184afb78, org.springframework.security.web.authentication.logout.LogoutFilter@19705650, org.springframework.security.oauth2.client.web.OAuth2AuthorizationRequestRedirectFilter@7babed9e, org.springframework.security.oauth2.client.web.OAuth2AuthorizationRequestRedirectFilter@7af0d91b, org.springframework.security.oauth2.client.web.OAuth2LoginAuthenticationFilter@22b7ef2b, org.springframework.security.web.authentication.ui.DefaultLoginPageGeneratingFilter@538b3c88, org.springframework.security.web.authentication.ui.DefaultLogoutPageGeneratingFilter@505d2bac, org.springframework.security.web.savedrequest.RequestCacheAwareFilter@6704df84, org.springframework.security.web.servletapi.SecurityContextHolderAwareRequestFilter@15994b0b, org.springframework.security.web.authentication.AnonymousAuthenticationFilter@4cecc15a, org.springframework.security.oauth2.client.web.OAuth2AuthorizationCodeGrantFilter@6684f7f2, org.springframework.security.web.session.SessionManagementFilter@6775c0d1, org.springframework.security.web.access.ExceptionTranslationFilter@474e34e4, org.springframework.security.web.access.intercept.FilterSecurityInterceptor@43588265]
2022-03-04 00:03:44 [main] INFO  o.s.b.t.m.w.SpringBootMockServletContext - Initializing Spring TestDispatcherServlet ''
2022-03-04 00:03:44 [main] INFO  o.s.t.w.s.TestDispatcherServlet - Initializing Servlet ''
2022-03-04 00:03:44 [main] INFO  o.s.t.w.s.TestDispatcherServlet - Completed initialization in 13 ms
2022-03-04 00:03:44 [main] INFO  c.d.c.w.c.PinControllerTest - Started PinControllerTest in 10.938 seconds (JVM running for 14.566)
2022-03-04 00:03:44 [main] INFO  o.s.b.t.m.w.SpringBootMockServletContext - Initializing Spring TestDispatcherServlet ''
2022-03-04 00:03:44 [main] INFO  o.s.t.w.s.TestDispatcherServlet - Initializing Servlet ''
2022-03-04 00:03:44 [main] INFO  o.s.t.w.s.TestDispatcherServlet - Completed initialization in 4 ms
2022-03-04 00:03:45 [main] INFO  o.s.b.t.m.w.SpringBootMockServletContext - Initializing Spring TestDispatcherServlet ''
2022-03-04 00:03:45 [main] INFO  o.s.t.w.s.TestDispatcherServlet - Initializing Servlet ''
2022-03-04 00:03:45 [main] INFO  o.s.t.w.s.TestDispatcherServlet - Completed initialization in 3 ms
2022-03-04 00:03:45 [main] INFO  o.s.b.t.m.w.SpringBootMockServletContext - Initializing Spring TestDispatcherServlet ''
2022-03-04 00:03:45 [main] INFO  o.s.t.w.s.TestDispatcherServlet - Initializing Servlet ''
2022-03-04 00:03:45 [main] INFO  o.s.t.w.s.TestDispatcherServlet - Completed initialization in 2 ms
2022-03-04 00:03:45 [main] INFO  o.s.b.t.m.w.SpringBootMockServletContext - Initializing Spring TestDispatcherServlet ''
2022-03-04 00:03:45 [main] INFO  o.s.t.w.s.TestDispatcherServlet - Initializing Servlet ''
2022-03-04 00:03:45 [main] INFO  o.s.t.w.s.TestDispatcherServlet - Completed initialization in 0 ms
2022-03-04 00:03:45 [main] INFO  o.s.b.t.m.w.SpringBootMockServletContext - Initializing Spring TestDispatcherServlet ''
2022-03-04 00:03:45 [main] INFO  o.s.t.w.s.TestDispatcherServlet - Initializing Servlet ''
2022-03-04 00:03:45 [main] INFO  o.s.t.w.s.TestDispatcherServlet - Completed initialization in 0 ms
2022-03-04 00:03:45 [main] INFO  o.s.b.t.m.w.SpringBootMockServletContext - Initializing Spring TestDispatcherServlet ''
2022-03-04 00:03:45 [main] INFO  o.s.t.w.s.TestDispatcherServlet - Initializing Servlet ''
2022-03-04 00:03:45 [main] INFO  o.s.t.w.s.TestDispatcherServlet - Completed initialization in 0 ms
2022-03-04 00:03:45 [main] INFO  o.s.b.t.m.w.SpringBootMockServletContext - Initializing Spring TestDispatcherServlet ''
2022-03-04 00:03:45 [main] INFO  o.s.t.w.s.TestDispatcherServlet - Initializing Servlet ''
2022-03-04 00:03:45 [main] INFO  o.s.t.w.s.TestDispatcherServlet - Completed initialization in 3 ms
2022-03-04 00:03:45 [main] INFO  o.s.b.t.m.w.SpringBootMockServletContext - Initializing Spring TestDispatcherServlet ''
2022-03-04 00:03:45 [main] INFO  o.s.t.w.s.TestDispatcherServlet - Initializing Servlet ''
2022-03-04 00:03:45 [main] INFO  o.s.t.w.s.TestDispatcherServlet - Completed initialization in 1 ms
2022-03-04 00:03:45 [main] INFO  o.s.b.t.m.w.SpringBootMockServletContext - Initializing Spring TestDispatcherServlet ''
2022-03-04 00:03:45 [main] INFO  o.s.t.w.s.TestDispatcherServlet - Initializing Servlet ''
2022-03-04 00:03:45 [main] INFO  o.s.t.w.s.TestDispatcherServlet - Completed initialization in 3 ms
2022-03-04 00:03:45 [main] INFO  o.s.b.t.m.w.SpringBootMockServletContext - Initializing Spring TestDispatcherServlet ''
2022-03-04 00:03:45 [main] INFO  o.s.t.w.s.TestDispatcherServlet - Initializing Servlet ''
2022-03-04 00:03:45 [main] INFO  o.s.t.w.s.TestDispatcherServlet - Completed initialization in 1 ms
2022-03-04 00:03:45 [main] INFO  o.s.b.t.m.w.SpringBootMockServletContext - Initializing Spring TestDispatcherServlet ''
2022-03-04 00:03:45 [main] INFO  o.s.t.w.s.TestDispatcherServlet - Initializing Servlet ''
2022-03-04 00:03:45 [main] INFO  o.s.t.w.s.TestDispatcherServlet - Completed initialization in 1 ms
2022-03-04 00:03:45 [main] INFO  o.s.b.t.m.w.SpringBootMockServletContext - Initializing Spring TestDispatcherServlet ''
2022-03-04 00:03:45 [main] INFO  o.s.t.w.s.TestDispatcherServlet - Initializing Servlet ''
2022-03-04 00:03:45 [main] INFO  o.s.t.w.s.TestDispatcherServlet - Completed initialization in 2 ms
2022-03-04 00:03:45 [main] INFO  o.s.b.t.m.w.SpringBootMockServletContext - Initializing Spring TestDispatcherServlet ''
2022-03-04 00:03:45 [main] INFO  o.s.t.w.s.TestDispatcherServlet - Initializing Servlet ''
2022-03-04 00:03:45 [main] INFO  o.s.t.w.s.TestDispatcherServlet - Completed initialization in 8 ms
2022-03-04 00:03:45 [main] INFO  o.s.b.t.m.w.SpringBootMockServletContext - Initializing Spring TestDispatcherServlet ''
2022-03-04 00:03:45 [main] INFO  o.s.t.w.s.TestDispatcherServlet - Initializing Servlet ''
2022-03-04 00:03:45 [main] INFO  o.s.t.w.s.TestDispatcherServlet - Completed initialization in 1 ms
2022-03-04 00:03:45 [main] INFO  o.s.b.t.m.w.SpringBootMockServletContext - Initializing Spring TestDispatcherServlet ''
2022-03-04 00:03:45 [main] INFO  o.s.t.w.s.TestDispatcherServlet - Initializing Servlet ''
2022-03-04 00:03:45 [main] INFO  o.s.t.w.s.TestDispatcherServlet - Completed initialization in 1 ms
2022-13-04 00:13:19 [main] INFO  c.d.c.w.c.PinControllerTest - Starting PinControllerTest using Java 17.0.2 on Meghdoots-MacBook-Pro.local with PID 24795 (started by meghdoot in /Users/meghdoot/IdeaProjects/group21/backend)
2022-13-04 00:13:19 [main] INFO  c.d.c.w.c.PinControllerTest - The following profiles are active: test
2022-13-04 00:13:24 [main] INFO  o.s.s.web.DefaultSecurityFilterChain - Will secure any request with [org.springframework.security.web.context.request.async.WebAsyncManagerIntegrationFilter@1682e6a, org.springframework.security.web.context.SecurityContextPersistenceFilter@7c91fe86, org.springframework.security.web.header.HeaderWriterFilter@4ce267cc, org.springframework.security.web.csrf.CsrfFilter@184afb78, org.springframework.security.web.authentication.logout.LogoutFilter@19705650, org.springframework.security.oauth2.client.web.OAuth2AuthorizationRequestRedirectFilter@7babed9e, org.springframework.security.oauth2.client.web.OAuth2AuthorizationRequestRedirectFilter@7af0d91b, org.springframework.security.oauth2.client.web.OAuth2LoginAuthenticationFilter@22b7ef2b, org.springframework.security.web.authentication.ui.DefaultLoginPageGeneratingFilter@538b3c88, org.springframework.security.web.authentication.ui.DefaultLogoutPageGeneratingFilter@505d2bac, org.springframework.security.web.savedrequest.RequestCacheAwareFilter@6704df84, org.springframework.security.web.servletapi.SecurityContextHolderAwareRequestFilter@15994b0b, org.springframework.security.web.authentication.AnonymousAuthenticationFilter@4cecc15a, org.springframework.security.oauth2.client.web.OAuth2AuthorizationCodeGrantFilter@6684f7f2, org.springframework.security.web.session.SessionManagementFilter@6775c0d1, org.springframework.security.web.access.ExceptionTranslationFilter@474e34e4, org.springframework.security.web.access.intercept.FilterSecurityInterceptor@43588265]
2022-13-04 00:13:24 [main] INFO  o.s.b.t.m.w.SpringBootMockServletContext - Initializing Spring TestDispatcherServlet ''
2022-13-04 00:13:24 [main] INFO  o.s.t.w.s.TestDispatcherServlet - Initializing Servlet ''
2022-13-04 00:13:24 [main] INFO  o.s.t.w.s.TestDispatcherServlet - Completed initialization in 9 ms
2022-13-04 00:13:24 [main] INFO  c.d.c.w.c.PinControllerTest - Started PinControllerTest in 6.696 seconds (JVM running for 11.957)
2022-13-04 00:13:24 [main] INFO  o.s.b.t.m.w.SpringBootMockServletContext - Initializing Spring TestDispatcherServlet ''
2022-13-04 00:13:24 [main] INFO  o.s.t.w.s.TestDispatcherServlet - Initializing Servlet ''
2022-13-04 00:13:24 [main] INFO  o.s.t.w.s.TestDispatcherServlet - Completed initialization in 3 ms
2022-13-04 00:13:25 [main] INFO  o.s.b.t.m.w.SpringBootMockServletContext - Initializing Spring TestDispatcherServlet ''
2022-13-04 00:13:25 [main] INFO  o.s.t.w.s.TestDispatcherServlet - Initializing Servlet ''
2022-13-04 00:13:25 [main] INFO  o.s.t.w.s.TestDispatcherServlet - Completed initialization in 2 ms
2022-13-04 00:13:25 [main] INFO  o.s.b.t.m.w.SpringBootMockServletContext - Initializing Spring TestDispatcherServlet ''
2022-13-04 00:13:25 [main] INFO  o.s.t.w.s.TestDispatcherServlet - Initializing Servlet ''
2022-13-04 00:13:25 [main] INFO  o.s.t.w.s.TestDispatcherServlet - Completed initialization in 1 ms
2022-13-04 00:13:25 [main] INFO  o.s.b.t.m.w.SpringBootMockServletContext - Initializing Spring TestDispatcherServlet ''
2022-13-04 00:13:25 [main] INFO  o.s.t.w.s.TestDispatcherServlet - Initializing Servlet ''
2022-13-04 00:13:25 [main] INFO  o.s.t.w.s.TestDispatcherServlet - Completed initialization in 1 ms
2022-13-04 00:13:25 [main] INFO  o.s.b.t.m.w.SpringBootMockServletContext - Initializing Spring TestDispatcherServlet ''
2022-13-04 00:13:25 [main] INFO  o.s.t.w.s.TestDispatcherServlet - Initializing Servlet ''
2022-13-04 00:13:25 [main] INFO  o.s.t.w.s.TestDispatcherServlet - Completed initialization in 0 ms
2022-13-04 00:13:25 [main] WARN  o.s.web.servlet.PageNotFound - Request method 'GET' not supported
2022-13-04 00:13:25 [main] INFO  o.s.b.t.m.w.SpringBootMockServletContext - Initializing Spring TestDispatcherServlet ''
2022-13-04 00:13:25 [main] INFO  o.s.t.w.s.TestDispatcherServlet - Initializing Servlet ''
2022-13-04 00:13:25 [main] INFO  o.s.t.w.s.TestDispatcherServlet - Completed initialization in 2 ms
2022-13-04 00:13:25 [main] INFO  o.s.b.t.m.w.SpringBootMockServletContext - Initializing Spring TestDispatcherServlet ''
2022-13-04 00:13:25 [main] INFO  o.s.t.w.s.TestDispatcherServlet - Initializing Servlet ''
2022-13-04 00:13:25 [main] INFO  o.s.t.w.s.TestDispatcherServlet - Completed initialization in 1 ms
2022-13-04 00:13:25 [main] INFO  o.s.b.t.m.w.SpringBootMockServletContext - Initializing Spring TestDispatcherServlet ''
2022-13-04 00:13:25 [main] INFO  o.s.t.w.s.TestDispatcherServlet - Initializing Servlet ''
2022-13-04 00:13:25 [main] INFO  o.s.t.w.s.TestDispatcherServlet - Completed initialization in 1 ms
2022-13-04 00:13:25 [main] INFO  o.s.b.t.m.w.SpringBootMockServletContext - Initializing Spring TestDispatcherServlet ''
2022-13-04 00:13:25 [main] INFO  o.s.t.w.s.TestDispatcherServlet - Initializing Servlet ''
2022-13-04 00:13:25 [main] INFO  o.s.t.w.s.TestDispatcherServlet - Completed initialization in 1 ms
2022-13-04 00:13:25 [main] INFO  o.s.b.t.m.w.SpringBootMockServletContext - Initializing Spring TestDispatcherServlet ''
2022-13-04 00:13:25 [main] INFO  o.s.t.w.s.TestDispatcherServlet - Initializing Servlet ''
2022-13-04 00:13:25 [main] INFO  o.s.t.w.s.TestDispatcherServlet - Completed initialization in 1 ms
2022-13-04 00:13:25 [main] INFO  o.s.b.t.m.w.SpringBootMockServletContext - Initializing Spring TestDispatcherServlet ''
2022-13-04 00:13:25 [main] INFO  o.s.t.w.s.TestDispatcherServlet - Initializing Servlet ''
2022-13-04 00:13:25 [main] INFO  o.s.t.w.s.TestDispatcherServlet - Completed initialization in 0 ms
2022-13-04 00:13:25 [main] INFO  o.s.b.t.m.w.SpringBootMockServletContext - Initializing Spring TestDispatcherServlet ''
2022-13-04 00:13:25 [main] INFO  o.s.t.w.s.TestDispatcherServlet - Initializing Servlet ''
2022-13-04 00:13:25 [main] INFO  o.s.t.w.s.TestDispatcherServlet - Completed initialization in 0 ms
2022-13-04 00:13:25 [main] INFO  o.s.b.t.m.w.SpringBootMockServletContext - Initializing Spring TestDispatcherServlet ''
2022-13-04 00:13:25 [main] INFO  o.s.t.w.s.TestDispatcherServlet - Initializing Servlet ''
2022-13-04 00:13:25 [main] INFO  o.s.t.w.s.TestDispatcherServlet - Completed initialization in 2 ms
2022-13-04 00:13:26 [main] INFO  o.s.b.t.m.w.SpringBootMockServletContext - Initializing Spring TestDispatcherServlet ''
2022-13-04 00:13:26 [main] INFO  o.s.t.w.s.TestDispatcherServlet - Initializing Servlet ''
2022-13-04 00:13:26 [main] INFO  o.s.t.w.s.TestDispatcherServlet - Completed initialization in 2 ms
2022-13-04 00:13:26 [main] INFO  o.s.b.t.m.w.SpringBootMockServletContext - Initializing Spring TestDispatcherServlet ''
2022-13-04 00:13:26 [main] INFO  o.s.t.w.s.TestDispatcherServlet - Initializing Servlet ''
2022-13-04 00:13:26 [main] INFO  o.s.t.w.s.TestDispatcherServlet - Completed initialization in 3 ms
2022-14-04 00:14:05 [main] INFO  c.d.c.w.c.PinControllerTest - Starting PinControllerTest using Java 17.0.2 on Meghdoots-MacBook-Pro.local with PID 24827 (started by meghdoot in /Users/meghdoot/IdeaProjects/group21/backend)
2022-14-04 00:14:05 [main] INFO  c.d.c.w.c.PinControllerTest - The following profiles are active: test
2022-14-04 00:14:12 [main] INFO  o.s.s.web.DefaultSecurityFilterChain - Will secure any request with [org.springframework.security.web.context.request.async.WebAsyncManagerIntegrationFilter@d969452, org.springframework.security.web.context.SecurityContextPersistenceFilter@6704df84, org.springframework.security.web.header.HeaderWriterFilter@6775c0d1, org.springframework.security.web.csrf.CsrfFilter@f03ee8f, org.springframework.security.web.authentication.logout.LogoutFilter@362a561e, org.springframework.security.oauth2.client.web.OAuth2AuthorizationRequestRedirectFilter@22b7ef2b, org.springframework.security.oauth2.client.web.OAuth2AuthorizationRequestRedirectFilter@1ac0cdb0, org.springframework.security.oauth2.client.web.OAuth2LoginAuthenticationFilter@36dafa24, org.springframework.security.web.authentication.ui.DefaultLoginPageGeneratingFilter@28cb86b2, org.springframework.security.web.authentication.ui.DefaultLogoutPageGeneratingFilter@4d4df0f4, org.springframework.security.web.savedrequest.RequestCacheAwareFilter@54a056e4, org.springframework.security.web.servletapi.SecurityContextHolderAwareRequestFilter@4cb00fa5, org.springframework.security.web.authentication.AnonymousAuthenticationFilter@74f4a2ba, org.springframework.security.oauth2.client.web.OAuth2AuthorizationCodeGrantFilter@4cecc15a, org.springframework.security.web.session.SessionManagementFilter@3dea226b, org.springframework.security.web.access.ExceptionTranslationFilter@6734ff92, org.springframework.security.web.access.intercept.FilterSecurityInterceptor@2774dcf4]
2022-14-04 00:14:12 [main] INFO  o.s.b.t.m.w.SpringBootMockServletContext - Initializing Spring TestDispatcherServlet ''
2022-14-04 00:14:12 [main] INFO  o.s.t.w.s.TestDispatcherServlet - Initializing Servlet ''
2022-14-04 00:14:12 [main] INFO  o.s.t.w.s.TestDispatcherServlet - Completed initialization in 10 ms
2022-14-04 00:14:12 [main] INFO  c.d.c.w.c.PinControllerTest - Started PinControllerTest in 7.829 seconds (JVM running for 11.776)
2022-14-04 00:14:12 [main] INFO  o.s.b.t.m.w.SpringBootMockServletContext - Initializing Spring TestDispatcherServlet ''
2022-14-04 00:14:12 [main] INFO  o.s.t.w.s.TestDispatcherServlet - Initializing Servlet ''
2022-14-04 00:14:12 [main] INFO  o.s.t.w.s.TestDispatcherServlet - Completed initialization in 4 ms
2022-14-04 00:14:13 [main] INFO  o.s.b.t.m.w.SpringBootMockServletContext - Initializing Spring TestDispatcherServlet ''
2022-14-04 00:14:13 [main] INFO  o.s.t.w.s.TestDispatcherServlet - Initializing Servlet ''
2022-14-04 00:14:13 [main] INFO  o.s.t.w.s.TestDispatcherServlet - Completed initialization in 2 ms
2022-14-04 00:14:13 [main] WARN  o.s.web.servlet.PageNotFound - Request method 'GET' not supported
2022-14-04 00:14:13 [main] INFO  o.s.b.t.m.w.SpringBootMockServletContext - Initializing Spring TestDispatcherServlet ''
2022-14-04 00:14:13 [main] INFO  o.s.t.w.s.TestDispatcherServlet - Initializing Servlet ''
2022-14-04 00:14:13 [main] INFO  o.s.t.w.s.TestDispatcherServlet - Completed initialization in 0 ms
2022-14-04 00:14:13 [main] INFO  o.s.b.t.m.w.SpringBootMockServletContext - Initializing Spring TestDispatcherServlet ''
2022-14-04 00:14:13 [main] INFO  o.s.t.w.s.TestDispatcherServlet - Initializing Servlet ''
2022-14-04 00:14:13 [main] INFO  o.s.t.w.s.TestDispatcherServlet - Completed initialization in 1 ms
2022-14-04 00:14:13 [main] INFO  o.s.b.t.m.w.SpringBootMockServletContext - Initializing Spring TestDispatcherServlet ''
2022-14-04 00:14:13 [main] INFO  o.s.t.w.s.TestDispatcherServlet - Initializing Servlet ''
2022-14-04 00:14:13 [main] INFO  o.s.t.w.s.TestDispatcherServlet - Completed initialization in 0 ms
2022-14-04 00:14:13 [main] INFO  o.s.b.t.m.w.SpringBootMockServletContext - Initializing Spring TestDispatcherServlet ''
2022-14-04 00:14:13 [main] INFO  o.s.t.w.s.TestDispatcherServlet - Initializing Servlet ''
2022-14-04 00:14:13 [main] INFO  o.s.t.w.s.TestDispatcherServlet - Completed initialization in 1 ms
2022-14-04 00:14:13 [main] WARN  o.s.web.servlet.PageNotFound - Request method 'GET' not supported
2022-14-04 00:14:13 [main] INFO  o.s.b.t.m.w.SpringBootMockServletContext - Initializing Spring TestDispatcherServlet ''
2022-14-04 00:14:13 [main] INFO  o.s.t.w.s.TestDispatcherServlet - Initializing Servlet ''
2022-14-04 00:14:13 [main] INFO  o.s.t.w.s.TestDispatcherServlet - Completed initialization in 0 ms
2022-14-04 00:14:13 [main] INFO  o.s.b.t.m.w.SpringBootMockServletContext - Initializing Spring TestDispatcherServlet ''
2022-14-04 00:14:13 [main] INFO  o.s.t.w.s.TestDispatcherServlet - Initializing Servlet ''
2022-14-04 00:14:13 [main] INFO  o.s.t.w.s.TestDispatcherServlet - Completed initialization in 0 ms
2022-14-04 00:14:13 [main] INFO  o.s.b.t.m.w.SpringBootMockServletContext - Initializing Spring TestDispatcherServlet ''
2022-14-04 00:14:13 [main] INFO  o.s.t.w.s.TestDispatcherServlet - Initializing Servlet ''
2022-14-04 00:14:13 [main] INFO  o.s.t.w.s.TestDispatcherServlet - Completed initialization in 0 ms
2022-14-04 00:14:13 [main] INFO  o.s.b.t.m.w.SpringBootMockServletContext - Initializing Spring TestDispatcherServlet ''
2022-14-04 00:14:13 [main] INFO  o.s.t.w.s.TestDispatcherServlet - Initializing Servlet ''
2022-14-04 00:14:13 [main] INFO  o.s.t.w.s.TestDispatcherServlet - Completed initialization in 1 ms
2022-14-04 00:14:13 [main] INFO  o.s.b.t.m.w.SpringBootMockServletContext - Initializing Spring TestDispatcherServlet ''
2022-14-04 00:14:13 [main] INFO  o.s.t.w.s.TestDispatcherServlet - Initializing Servlet ''
2022-14-04 00:14:13 [main] INFO  o.s.t.w.s.TestDispatcherServlet - Completed initialization in 0 ms
2022-14-04 00:14:13 [main] INFO  o.s.b.t.m.w.SpringBootMockServletContext - Initializing Spring TestDispatcherServlet ''
2022-14-04 00:14:13 [main] INFO  o.s.t.w.s.TestDispatcherServlet - Initializing Servlet ''
2022-14-04 00:14:13 [main] INFO  o.s.t.w.s.TestDispatcherServlet - Completed initialization in 1 ms
2022-14-04 00:14:13 [main] INFO  o.s.b.t.m.w.SpringBootMockServletContext - Initializing Spring TestDispatcherServlet ''
2022-14-04 00:14:13 [main] INFO  o.s.t.w.s.TestDispatcherServlet - Initializing Servlet ''
2022-14-04 00:14:13 [main] INFO  o.s.t.w.s.TestDispatcherServlet - Completed initialization in 0 ms
2022-14-04 00:14:13 [main] INFO  o.s.b.t.m.w.SpringBootMockServletContext - Initializing Spring TestDispatcherServlet ''
2022-14-04 00:14:13 [main] INFO  o.s.t.w.s.TestDispatcherServlet - Initializing Servlet ''
2022-14-04 00:14:13 [main] INFO  o.s.t.w.s.TestDispatcherServlet - Completed initialization in 1 ms
2022-14-04 00:14:13 [main] INFO  o.s.b.t.m.w.SpringBootMockServletContext - Initializing Spring TestDispatcherServlet ''
2022-14-04 00:14:13 [main] INFO  o.s.t.w.s.TestDispatcherServlet - Initializing Servlet ''
2022-14-04 00:14:13 [main] INFO  o.s.t.w.s.TestDispatcherServlet - Completed initialization in 0 ms
2022-14-04 00:14:13 [main] INFO  o.s.b.t.m.w.SpringBootMockServletContext - Initializing Spring TestDispatcherServlet ''
2022-14-04 00:14:13 [main] INFO  o.s.t.w.s.TestDispatcherServlet - Initializing Servlet ''
2022-14-04 00:14:13 [main] INFO  o.s.t.w.s.TestDispatcherServlet - Completed initialization in 1 ms
2022-14-04 00:14:43 [main] INFO  c.d.c.w.c.PinControllerTest - Starting PinControllerTest using Java 17.0.2 on Meghdoots-MacBook-Pro.local with PID 24841 (started by meghdoot in /Users/meghdoot/IdeaProjects/group21/backend)
2022-14-04 00:14:43 [main] INFO  c.d.c.w.c.PinControllerTest - The following profiles are active: test
2022-14-04 00:14:49 [main] INFO  o.s.s.web.DefaultSecurityFilterChain - Will secure any request with [org.springframework.security.web.context.request.async.WebAsyncManagerIntegrationFilter@d969452, org.springframework.security.web.context.SecurityContextPersistenceFilter@6704df84, org.springframework.security.web.header.HeaderWriterFilter@6775c0d1, org.springframework.security.web.csrf.CsrfFilter@f03ee8f, org.springframework.security.web.authentication.logout.LogoutFilter@362a561e, org.springframework.security.oauth2.client.web.OAuth2AuthorizationRequestRedirectFilter@22b7ef2b, org.springframework.security.oauth2.client.web.OAuth2AuthorizationRequestRedirectFilter@1ac0cdb0, org.springframework.security.oauth2.client.web.OAuth2LoginAuthenticationFilter@36dafa24, org.springframework.security.web.authentication.ui.DefaultLoginPageGeneratingFilter@28cb86b2, org.springframework.security.web.authentication.ui.DefaultLogoutPageGeneratingFilter@4d4df0f4, org.springframework.security.web.savedrequest.RequestCacheAwareFilter@54a056e4, org.springframework.security.web.servletapi.SecurityContextHolderAwareRequestFilter@4cb00fa5, org.springframework.security.web.authentication.AnonymousAuthenticationFilter@74f4a2ba, org.springframework.security.oauth2.client.web.OAuth2AuthorizationCodeGrantFilter@4cecc15a, org.springframework.security.web.session.SessionManagementFilter@3dea226b, org.springframework.security.web.access.ExceptionTranslationFilter@6734ff92, org.springframework.security.web.access.intercept.FilterSecurityInterceptor@2774dcf4]
2022-14-04 00:14:49 [main] INFO  o.s.b.t.m.w.SpringBootMockServletContext - Initializing Spring TestDispatcherServlet ''
2022-14-04 00:14:49 [main] INFO  o.s.t.w.s.TestDispatcherServlet - Initializing Servlet ''
2022-14-04 00:14:49 [main] INFO  o.s.t.w.s.TestDispatcherServlet - Completed initialization in 7 ms
2022-14-04 00:14:49 [main] INFO  c.d.c.w.c.PinControllerTest - Started PinControllerTest in 7.214 seconds (JVM running for 10.422)
2022-14-04 00:14:49 [main] INFO  o.s.b.t.m.w.SpringBootMockServletContext - Initializing Spring TestDispatcherServlet ''
2022-14-04 00:14:49 [main] INFO  o.s.t.w.s.TestDispatcherServlet - Initializing Servlet ''
2022-14-04 00:14:49 [main] INFO  o.s.t.w.s.TestDispatcherServlet - Completed initialization in 4 ms
2022-14-04 00:14:50 [main] INFO  o.s.b.t.m.w.SpringBootMockServletContext - Initializing Spring TestDispatcherServlet ''
2022-14-04 00:14:50 [main] INFO  o.s.t.w.s.TestDispatcherServlet - Initializing Servlet ''
2022-14-04 00:14:50 [main] INFO  o.s.t.w.s.TestDispatcherServlet - Completed initialization in 3 ms
2022-14-04 00:14:50 [main] INFO  o.s.b.t.m.w.SpringBootMockServletContext - Initializing Spring TestDispatcherServlet ''
2022-14-04 00:14:50 [main] INFO  o.s.t.w.s.TestDispatcherServlet - Initializing Servlet ''
2022-14-04 00:14:50 [main] INFO  o.s.t.w.s.TestDispatcherServlet - Completed initialization in 3 ms
2022-14-04 00:14:50 [main] INFO  o.s.b.t.m.w.SpringBootMockServletContext - Initializing Spring TestDispatcherServlet ''
2022-14-04 00:14:50 [main] INFO  o.s.t.w.s.TestDispatcherServlet - Initializing Servlet ''
2022-14-04 00:14:50 [main] INFO  o.s.t.w.s.TestDispatcherServlet - Completed initialization in 1 ms
2022-14-04 00:14:50 [main] INFO  o.s.b.t.m.w.SpringBootMockServletContext - Initializing Spring TestDispatcherServlet ''
2022-14-04 00:14:50 [main] INFO  o.s.t.w.s.TestDispatcherServlet - Initializing Servlet ''
2022-14-04 00:14:50 [main] INFO  o.s.t.w.s.TestDispatcherServlet - Completed initialization in 0 ms
2022-14-04 00:14:50 [main] INFO  o.s.b.t.m.w.SpringBootMockServletContext - Initializing Spring TestDispatcherServlet ''
2022-14-04 00:14:50 [main] INFO  o.s.t.w.s.TestDispatcherServlet - Initializing Servlet ''
2022-14-04 00:14:50 [main] INFO  o.s.t.w.s.TestDispatcherServlet - Completed initialization in 0 ms
2022-14-04 00:14:50 [main] INFO  o.s.b.t.m.w.SpringBootMockServletContext - Initializing Spring TestDispatcherServlet ''
2022-14-04 00:14:50 [main] INFO  o.s.t.w.s.TestDispatcherServlet - Initializing Servlet ''
2022-14-04 00:14:50 [main] INFO  o.s.t.w.s.TestDispatcherServlet - Completed initialization in 1 ms
2022-14-04 00:14:50 [main] INFO  o.s.b.t.m.w.SpringBootMockServletContext - Initializing Spring TestDispatcherServlet ''
2022-14-04 00:14:50 [main] INFO  o.s.t.w.s.TestDispatcherServlet - Initializing Servlet ''
2022-14-04 00:14:50 [main] INFO  o.s.t.w.s.TestDispatcherServlet - Completed initialization in 0 ms
2022-14-04 00:14:50 [main] INFO  o.s.b.t.m.w.SpringBootMockServletContext - Initializing Spring TestDispatcherServlet ''
2022-14-04 00:14:50 [main] INFO  o.s.t.w.s.TestDispatcherServlet - Initializing Servlet ''
2022-14-04 00:14:50 [main] INFO  o.s.t.w.s.TestDispatcherServlet - Completed initialization in 1 ms
2022-14-04 00:14:50 [main] INFO  o.s.b.t.m.w.SpringBootMockServletContext - Initializing Spring TestDispatcherServlet ''
2022-14-04 00:14:50 [main] INFO  o.s.t.w.s.TestDispatcherServlet - Initializing Servlet ''
2022-14-04 00:14:50 [main] INFO  o.s.t.w.s.TestDispatcherServlet - Completed initialization in 0 ms
2022-14-04 00:14:50 [main] INFO  o.s.b.t.m.w.SpringBootMockServletContext - Initializing Spring TestDispatcherServlet ''
2022-14-04 00:14:50 [main] INFO  o.s.t.w.s.TestDispatcherServlet - Initializing Servlet ''
2022-14-04 00:14:50 [main] INFO  o.s.t.w.s.TestDispatcherServlet - Completed initialization in 0 ms
2022-14-04 00:14:50 [main] INFO  o.s.b.t.m.w.SpringBootMockServletContext - Initializing Spring TestDispatcherServlet ''
2022-14-04 00:14:50 [main] INFO  o.s.t.w.s.TestDispatcherServlet - Initializing Servlet ''
2022-14-04 00:14:50 [main] INFO  o.s.t.w.s.TestDispatcherServlet - Completed initialization in 1 ms
2022-14-04 00:14:50 [main] INFO  o.s.b.t.m.w.SpringBootMockServletContext - Initializing Spring TestDispatcherServlet ''
2022-14-04 00:14:50 [main] INFO  o.s.t.w.s.TestDispatcherServlet - Initializing Servlet ''
2022-14-04 00:14:50 [main] INFO  o.s.t.w.s.TestDispatcherServlet - Completed initialization in 0 ms
2022-14-04 00:14:50 [main] INFO  o.s.b.t.m.w.SpringBootMockServletContext - Initializing Spring TestDispatcherServlet ''
2022-14-04 00:14:50 [main] INFO  o.s.t.w.s.TestDispatcherServlet - Initializing Servlet ''
2022-14-04 00:14:50 [main] INFO  o.s.t.w.s.TestDispatcherServlet - Completed initialization in 1 ms
2022-14-04 00:14:50 [main] INFO  o.s.b.t.m.w.SpringBootMockServletContext - Initializing Spring TestDispatcherServlet ''
2022-14-04 00:14:50 [main] INFO  o.s.t.w.s.TestDispatcherServlet - Initializing Servlet ''
2022-14-04 00:14:50 [main] INFO  o.s.t.w.s.TestDispatcherServlet - Completed initialization in 0 ms
2022-14-04 00:14:50 [main] INFO  o.s.b.t.m.w.SpringBootMockServletContext - Initializing Spring TestDispatcherServlet ''
2022-14-04 00:14:50 [main] INFO  o.s.t.w.s.TestDispatcherServlet - Initializing Servlet ''
2022-14-04 00:14:50 [main] INFO  o.s.t.w.s.TestDispatcherServlet - Completed initialization in 2 ms
2022-17-04 00:17:04 [main] INFO  c.d.c.w.c.PinControllerTest - Starting PinControllerTest using Java 17.0.2 on Meghdoots-MacBook-Pro.local with PID 24868 (started by meghdoot in /Users/meghdoot/IdeaProjects/group21/backend)
2022-17-04 00:17:04 [main] INFO  c.d.c.w.c.PinControllerTest - The following profiles are active: test
2022-17-04 00:17:09 [main] INFO  o.s.s.web.DefaultSecurityFilterChain - Will secure any request with [org.springframework.security.web.context.request.async.WebAsyncManagerIntegrationFilter@656ec00d, org.springframework.security.web.context.SecurityContextPersistenceFilter@5c4f4330, org.springframework.security.web.header.HeaderWriterFilter@2c579202, org.springframework.security.web.csrf.CsrfFilter@5b14f482, org.springframework.security.web.authentication.logout.LogoutFilter@4fe8f2ae, org.springframework.security.oauth2.client.web.OAuth2AuthorizationRequestRedirectFilter@16ac4d3d, org.springframework.security.oauth2.client.web.OAuth2AuthorizationRequestRedirectFilter@283a8ad6, org.springframework.security.oauth2.client.web.OAuth2LoginAuthenticationFilter@6ba6557e, org.springframework.security.web.authentication.ui.DefaultLoginPageGeneratingFilter@2b170932, org.springframework.security.web.authentication.ui.DefaultLogoutPageGeneratingFilter@3b8507df, org.springframework.security.web.savedrequest.RequestCacheAwareFilter@23ea8830, org.springframework.security.web.servletapi.SecurityContextHolderAwareRequestFilter@2cee5365, org.springframework.security.web.authentication.AnonymousAuthenticationFilter@5ed25612, org.springframework.security.oauth2.client.web.OAuth2AuthorizationCodeGrantFilter@384472bf, org.springframework.security.web.session.SessionManagementFilter@75ed125a, org.springframework.security.web.access.ExceptionTranslationFilter@50dc49e1, org.springframework.security.web.access.intercept.FilterSecurityInterceptor@74f4a2ba]
2022-17-04 00:17:10 [main] INFO  o.s.b.t.m.w.SpringBootMockServletContext - Initializing Spring TestDispatcherServlet ''
2022-17-04 00:17:10 [main] INFO  o.s.t.w.s.TestDispatcherServlet - Initializing Servlet ''
2022-17-04 00:17:10 [main] INFO  o.s.t.w.s.TestDispatcherServlet - Completed initialization in 5 ms
2022-17-04 00:17:10 [main] INFO  c.d.c.w.c.PinControllerTest - Started PinControllerTest in 5.891 seconds (JVM running for 8.779)
2022-17-04 00:17:10 [main] INFO  o.s.b.t.m.w.SpringBootMockServletContext - Initializing Spring TestDispatcherServlet ''
2022-17-04 00:17:10 [main] INFO  o.s.t.w.s.TestDispatcherServlet - Initializing Servlet ''
2022-17-04 00:17:10 [main] INFO  o.s.t.w.s.TestDispatcherServlet - Completed initialization in 3 ms
2022-17-04 00:17:10 [main] INFO  o.s.b.t.m.w.SpringBootMockServletContext - Initializing Spring TestDispatcherServlet ''
2022-17-04 00:17:10 [main] INFO  o.s.t.w.s.TestDispatcherServlet - Initializing Servlet ''
2022-17-04 00:17:10 [main] INFO  o.s.t.w.s.TestDispatcherServlet - Completed initialization in 3 ms
2022-17-04 00:17:45 [main] INFO  o.s.b.t.m.w.SpringBootMockServletContext - Initializing Spring TestDispatcherServlet ''
2022-17-04 00:17:45 [main] INFO  o.s.t.w.s.TestDispatcherServlet - Initializing Servlet ''
2022-17-04 00:17:45 [main] INFO  o.s.t.w.s.TestDispatcherServlet - Completed initialization in 55 ms
2022-17-04 00:17:46 [main] INFO  o.s.b.t.m.w.SpringBootMockServletContext - Initializing Spring TestDispatcherServlet ''
2022-17-04 00:17:46 [main] INFO  o.s.t.w.s.TestDispatcherServlet - Initializing Servlet ''
2022-17-04 00:17:46 [main] INFO  o.s.t.w.s.TestDispatcherServlet - Completed initialization in 173 ms
2022-17-04 00:17:46 [main] INFO  o.s.b.t.m.w.SpringBootMockServletContext - Initializing Spring TestDispatcherServlet ''
2022-17-04 00:17:46 [main] INFO  o.s.t.w.s.TestDispatcherServlet - Initializing Servlet ''
2022-17-04 00:17:46 [main] INFO  o.s.t.w.s.TestDispatcherServlet - Completed initialization in 83 ms
2022-17-04 00:17:47 [main] INFO  o.s.b.t.m.w.SpringBootMockServletContext - Initializing Spring TestDispatcherServlet ''
2022-17-04 00:17:47 [main] INFO  o.s.t.w.s.TestDispatcherServlet - Initializing Servlet ''
2022-17-04 00:17:47 [main] INFO  o.s.t.w.s.TestDispatcherServlet - Completed initialization in 59 ms
2022-21-04 00:21:32 [main] INFO  c.d.c.w.c.PinControllerTest - Starting PinControllerTest using Java 17.0.2 on Meghdoots-MacBook-Pro.local with PID 24926 (started by meghdoot in /Users/meghdoot/IdeaProjects/group21/backend)
2022-21-04 00:21:32 [main] INFO  c.d.c.w.c.PinControllerTest - The following profiles are active: test
2022-21-04 00:21:37 [main] INFO  o.s.s.web.DefaultSecurityFilterChain - Will secure any request with [org.springframework.security.web.context.request.async.WebAsyncManagerIntegrationFilter@2ba024cb, org.springframework.security.web.context.SecurityContextPersistenceFilter@6ee37ca7, org.springframework.security.web.header.HeaderWriterFilter@609b041c, org.springframework.security.web.csrf.CsrfFilter@7871d261, org.springframework.security.web.authentication.logout.LogoutFilter@67e77f52, org.springframework.security.oauth2.client.web.OAuth2AuthorizationRequestRedirectFilter@1eab8437, org.springframework.security.oauth2.client.web.OAuth2AuthorizationRequestRedirectFilter@2b098563, org.springframework.security.oauth2.client.web.OAuth2LoginAuthenticationFilter@2a1e57c6, org.springframework.security.web.authentication.ui.DefaultLoginPageGeneratingFilter@4cb00fa5, org.springframework.security.web.authentication.ui.DefaultLogoutPageGeneratingFilter@7af0d91b, org.springframework.security.web.savedrequest.RequestCacheAwareFilter@4899799b, org.springframework.security.web.servletapi.SecurityContextHolderAwareRequestFilter@7fc7152e, org.springframework.security.web.authentication.AnonymousAuthenticationFilter@1c7f6e96, org.springframework.security.oauth2.client.web.OAuth2AuthorizationCodeGrantFilter@ba4f370, org.springframework.security.web.session.SessionManagementFilter@5fb7ab9c, org.springframework.security.web.access.ExceptionTranslationFilter@91a2543, org.springframework.security.web.access.intercept.FilterSecurityInterceptor@305552d6]
2022-21-04 00:21:37 [main] INFO  o.s.b.t.m.w.SpringBootMockServletContext - Initializing Spring TestDispatcherServlet ''
2022-21-04 00:21:37 [main] INFO  o.s.t.w.s.TestDispatcherServlet - Initializing Servlet ''
2022-21-04 00:21:37 [main] INFO  o.s.t.w.s.TestDispatcherServlet - Completed initialization in 7 ms
2022-21-04 00:21:37 [main] INFO  c.d.c.w.c.PinControllerTest - Started PinControllerTest in 5.858 seconds (JVM running for 9.184)
2022-21-04 00:21:37 [main] INFO  o.s.b.t.m.w.SpringBootMockServletContext - Initializing Spring TestDispatcherServlet ''
2022-21-04 00:21:37 [main] INFO  o.s.t.w.s.TestDispatcherServlet - Initializing Servlet ''
2022-21-04 00:21:37 [main] INFO  o.s.t.w.s.TestDispatcherServlet - Completed initialization in 12 ms
2022-21-04 00:21:38 [main] INFO  o.s.b.t.m.w.SpringBootMockServletContext - Initializing Spring TestDispatcherServlet ''
2022-21-04 00:21:38 [main] INFO  o.s.t.w.s.TestDispatcherServlet - Initializing Servlet ''
2022-21-04 00:21:38 [main] INFO  o.s.t.w.s.TestDispatcherServlet - Completed initialization in 3 ms
2022-21-04 00:21:38 [main] INFO  o.s.b.t.m.w.SpringBootMockServletContext - Initializing Spring TestDispatcherServlet ''
2022-21-04 00:21:38 [main] INFO  o.s.t.w.s.TestDispatcherServlet - Initializing Servlet ''
2022-21-04 00:21:38 [main] INFO  o.s.t.w.s.TestDispatcherServlet - Completed initialization in 1 ms
2022-21-04 00:21:38 [main] INFO  o.s.b.t.m.w.SpringBootMockServletContext - Initializing Spring TestDispatcherServlet ''
2022-21-04 00:21:38 [main] INFO  o.s.t.w.s.TestDispatcherServlet - Initializing Servlet ''
2022-21-04 00:21:38 [main] INFO  o.s.t.w.s.TestDispatcherServlet - Completed initialization in 2 ms
2022-21-04 00:21:38 [main] INFO  o.s.b.t.m.w.SpringBootMockServletContext - Initializing Spring TestDispatcherServlet ''
2022-21-04 00:21:38 [main] INFO  o.s.t.w.s.TestDispatcherServlet - Initializing Servlet ''
2022-21-04 00:21:38 [main] INFO  o.s.t.w.s.TestDispatcherServlet - Completed initialization in 0 ms
2022-21-04 00:21:38 [main] INFO  o.s.b.t.m.w.SpringBootMockServletContext - Initializing Spring TestDispatcherServlet ''
2022-21-04 00:21:38 [main] INFO  o.s.t.w.s.TestDispatcherServlet - Initializing Servlet ''
2022-21-04 00:21:38 [main] INFO  o.s.t.w.s.TestDispatcherServlet - Completed initialization in 0 ms
2022-21-04 00:21:38 [main] INFO  o.s.b.t.m.w.SpringBootMockServletContext - Initializing Spring TestDispatcherServlet ''
2022-21-04 00:21:38 [main] INFO  o.s.t.w.s.TestDispatcherServlet - Initializing Servlet ''
2022-21-04 00:21:38 [main] INFO  o.s.t.w.s.TestDispatcherServlet - Completed initialization in 1 ms
2022-21-04 00:21:38 [main] INFO  o.s.b.t.m.w.SpringBootMockServletContext - Initializing Spring TestDispatcherServlet ''
2022-21-04 00:21:38 [main] INFO  o.s.t.w.s.TestDispatcherServlet - Initializing Servlet ''
2022-21-04 00:21:38 [main] INFO  o.s.t.w.s.TestDispatcherServlet - Completed initialization in 0 ms
2022-21-04 00:21:38 [main] INFO  o.s.b.t.m.w.SpringBootMockServletContext - Initializing Spring TestDispatcherServlet ''
2022-21-04 00:21:38 [main] INFO  o.s.t.w.s.TestDispatcherServlet - Initializing Servlet ''
2022-21-04 00:21:38 [main] INFO  o.s.t.w.s.TestDispatcherServlet - Completed initialization in 0 ms
2022-21-04 00:21:38 [main] INFO  o.s.b.t.m.w.SpringBootMockServletContext - Initializing Spring TestDispatcherServlet ''
2022-21-04 00:21:38 [main] INFO  o.s.t.w.s.TestDispatcherServlet - Initializing Servlet ''
2022-21-04 00:21:38 [main] INFO  o.s.t.w.s.TestDispatcherServlet - Completed initialization in 0 ms
2022-21-04 00:21:38 [main] INFO  o.s.b.t.m.w.SpringBootMockServletContext - Initializing Spring TestDispatcherServlet ''
2022-21-04 00:21:38 [main] INFO  o.s.t.w.s.TestDispatcherServlet - Initializing Servlet ''
2022-21-04 00:21:38 [main] INFO  o.s.t.w.s.TestDispatcherServlet - Completed initialization in 5 ms
2022-21-04 00:21:38 [main] INFO  o.s.b.t.m.w.SpringBootMockServletContext - Initializing Spring TestDispatcherServlet ''
2022-21-04 00:21:38 [main] INFO  o.s.t.w.s.TestDispatcherServlet - Initializing Servlet ''
2022-21-04 00:21:38 [main] INFO  o.s.t.w.s.TestDispatcherServlet - Completed initialization in 0 ms
2022-21-04 00:21:38 [main] INFO  o.s.b.t.m.w.SpringBootMockServletContext - Initializing Spring TestDispatcherServlet ''
2022-21-04 00:21:38 [main] INFO  o.s.t.w.s.TestDispatcherServlet - Initializing Servlet ''
2022-21-04 00:21:38 [main] INFO  o.s.t.w.s.TestDispatcherServlet - Completed initialization in 1 ms
2022-21-04 00:21:38 [main] INFO  o.s.b.t.m.w.SpringBootMockServletContext - Initializing Spring TestDispatcherServlet ''
2022-21-04 00:21:38 [main] INFO  o.s.t.w.s.TestDispatcherServlet - Initializing Servlet ''
2022-21-04 00:21:38 [main] INFO  o.s.t.w.s.TestDispatcherServlet - Completed initialization in 0 ms
2022-21-04 00:21:38 [main] INFO  o.s.b.t.m.w.SpringBootMockServletContext - Initializing Spring TestDispatcherServlet ''
2022-21-04 00:21:38 [main] INFO  o.s.t.w.s.TestDispatcherServlet - Initializing Servlet ''
2022-21-04 00:21:38 [main] INFO  o.s.t.w.s.TestDispatcherServlet - Completed initialization in 0 ms
2022-21-04 00:21:38 [main] INFO  o.s.b.t.m.w.SpringBootMockServletContext - Initializing Spring TestDispatcherServlet ''
2022-21-04 00:21:38 [main] INFO  o.s.t.w.s.TestDispatcherServlet - Initializing Servlet ''
2022-21-04 00:21:38 [main] INFO  o.s.t.w.s.TestDispatcherServlet - Completed initialization in 0 ms
2022-23-04 00:23:10 [main] INFO  c.d.c.w.c.PinControllerTest - Starting PinControllerTest using Java 17.0.2 on Meghdoots-MacBook-Pro.local with PID 24952 (started by meghdoot in /Users/meghdoot/IdeaProjects/group21/backend)
2022-23-04 00:23:10 [main] INFO  c.d.c.w.c.PinControllerTest - The following profiles are active: test
2022-23-04 00:23:14 [main] INFO  o.s.s.web.DefaultSecurityFilterChain - Will secure any request with [org.springframework.security.web.context.request.async.WebAsyncManagerIntegrationFilter@d969452, org.springframework.security.web.context.SecurityContextPersistenceFilter@6704df84, org.springframework.security.web.header.HeaderWriterFilter@6775c0d1, org.springframework.security.web.csrf.CsrfFilter@f03ee8f, org.springframework.security.web.authentication.logout.LogoutFilter@362a561e, org.springframework.security.oauth2.client.web.OAuth2AuthorizationRequestRedirectFilter@22b7ef2b, org.springframework.security.oauth2.client.web.OAuth2AuthorizationRequestRedirectFilter@1ac0cdb0, org.springframework.security.oauth2.client.web.OAuth2LoginAuthenticationFilter@36dafa24, org.springframework.security.web.authentication.ui.DefaultLoginPageGeneratingFilter@28cb86b2, org.springframework.security.web.authentication.ui.DefaultLogoutPageGeneratingFilter@4d4df0f4, org.springframework.security.web.savedrequest.RequestCacheAwareFilter@54a056e4, org.springframework.security.web.servletapi.SecurityContextHolderAwareRequestFilter@4cb00fa5, org.springframework.security.web.authentication.AnonymousAuthenticationFilter@74f4a2ba, org.springframework.security.oauth2.client.web.OAuth2AuthorizationCodeGrantFilter@4cecc15a, org.springframework.security.web.session.SessionManagementFilter@3dea226b, org.springframework.security.web.access.ExceptionTranslationFilter@6734ff92, org.springframework.security.web.access.intercept.FilterSecurityInterceptor@2774dcf4]
2022-23-04 00:23:15 [main] INFO  o.s.b.t.m.w.SpringBootMockServletContext - Initializing Spring TestDispatcherServlet ''
2022-23-04 00:23:15 [main] INFO  o.s.t.w.s.TestDispatcherServlet - Initializing Servlet ''
2022-23-04 00:23:15 [main] INFO  o.s.t.w.s.TestDispatcherServlet - Completed initialization in 7 ms
2022-23-04 00:23:15 [main] INFO  c.d.c.w.c.PinControllerTest - Started PinControllerTest in 5.681 seconds (JVM running for 8.416)
2022-23-04 00:23:15 [main] INFO  o.s.b.t.m.w.SpringBootMockServletContext - Initializing Spring TestDispatcherServlet ''
2022-23-04 00:23:15 [main] INFO  o.s.t.w.s.TestDispatcherServlet - Initializing Servlet ''
2022-23-04 00:23:15 [main] INFO  o.s.t.w.s.TestDispatcherServlet - Completed initialization in 3 ms
2022-23-04 00:23:15 [main] INFO  o.s.b.t.m.w.SpringBootMockServletContext - Initializing Spring TestDispatcherServlet ''
2022-23-04 00:23:15 [main] INFO  o.s.t.w.s.TestDispatcherServlet - Initializing Servlet ''
2022-23-04 00:23:15 [main] INFO  o.s.t.w.s.TestDispatcherServlet - Completed initialization in 1 ms
2022-23-04 00:23:15 [main] INFO  o.s.b.t.m.w.SpringBootMockServletContext - Initializing Spring TestDispatcherServlet ''
2022-23-04 00:23:15 [main] INFO  o.s.t.w.s.TestDispatcherServlet - Initializing Servlet ''
2022-23-04 00:23:15 [main] INFO  o.s.t.w.s.TestDispatcherServlet - Completed initialization in 0 ms
2022-23-04 00:23:15 [main] INFO  o.s.b.t.m.w.SpringBootMockServletContext - Initializing Spring TestDispatcherServlet ''
2022-23-04 00:23:15 [main] INFO  o.s.t.w.s.TestDispatcherServlet - Initializing Servlet ''
2022-23-04 00:23:15 [main] INFO  o.s.t.w.s.TestDispatcherServlet - Completed initialization in 1 ms
2022-23-04 00:23:15 [main] INFO  o.s.b.t.m.w.SpringBootMockServletContext - Initializing Spring TestDispatcherServlet ''
2022-23-04 00:23:15 [main] INFO  o.s.t.w.s.TestDispatcherServlet - Initializing Servlet ''
2022-23-04 00:23:15 [main] INFO  o.s.t.w.s.TestDispatcherServlet - Completed initialization in 2 ms
2022-23-04 00:23:15 [main] INFO  o.s.b.t.m.w.SpringBootMockServletContext - Initializing Spring TestDispatcherServlet ''
2022-23-04 00:23:15 [main] INFO  o.s.t.w.s.TestDispatcherServlet - Initializing Servlet ''
2022-23-04 00:23:15 [main] INFO  o.s.t.w.s.TestDispatcherServlet - Completed initialization in 3 ms
2022-23-04 00:23:15 [main] INFO  o.s.b.t.m.w.SpringBootMockServletContext - Initializing Spring TestDispatcherServlet ''
2022-23-04 00:23:15 [main] INFO  o.s.t.w.s.TestDispatcherServlet - Initializing Servlet ''
2022-23-04 00:23:15 [main] INFO  o.s.t.w.s.TestDispatcherServlet - Completed initialization in 4 ms
2022-23-04 00:23:15 [main] INFO  o.s.b.t.m.w.SpringBootMockServletContext - Initializing Spring TestDispatcherServlet ''
2022-23-04 00:23:15 [main] INFO  o.s.t.w.s.TestDispatcherServlet - Initializing Servlet ''
2022-23-04 00:23:15 [main] INFO  o.s.t.w.s.TestDispatcherServlet - Completed initialization in 0 ms
2022-23-04 00:23:15 [main] INFO  o.s.b.t.m.w.SpringBootMockServletContext - Initializing Spring TestDispatcherServlet ''
2022-23-04 00:23:15 [main] INFO  o.s.t.w.s.TestDispatcherServlet - Initializing Servlet ''
2022-23-04 00:23:15 [main] INFO  o.s.t.w.s.TestDispatcherServlet - Completed initialization in 1 ms
2022-23-04 00:23:15 [main] INFO  o.s.b.t.m.w.SpringBootMockServletContext - Initializing Spring TestDispatcherServlet ''
2022-23-04 00:23:15 [main] INFO  o.s.t.w.s.TestDispatcherServlet - Initializing Servlet ''
2022-23-04 00:23:15 [main] INFO  o.s.t.w.s.TestDispatcherServlet - Completed initialization in 1 ms
2022-23-04 00:23:16 [main] INFO  o.s.b.t.m.w.SpringBootMockServletContext - Initializing Spring TestDispatcherServlet ''
2022-23-04 00:23:16 [main] INFO  o.s.t.w.s.TestDispatcherServlet - Initializing Servlet ''
2022-23-04 00:23:16 [main] INFO  o.s.t.w.s.TestDispatcherServlet - Completed initialization in 1 ms
2022-23-04 00:23:16 [main] INFO  o.s.b.t.m.w.SpringBootMockServletContext - Initializing Spring TestDispatcherServlet ''
2022-23-04 00:23:16 [main] INFO  o.s.t.w.s.TestDispatcherServlet - Initializing Servlet ''
2022-23-04 00:23:16 [main] INFO  o.s.t.w.s.TestDispatcherServlet - Completed initialization in 1 ms
2022-23-04 00:23:16 [main] INFO  o.s.b.t.m.w.SpringBootMockServletContext - Initializing Spring TestDispatcherServlet ''
2022-23-04 00:23:16 [main] INFO  o.s.t.w.s.TestDispatcherServlet - Initializing Servlet ''
2022-23-04 00:23:16 [main] INFO  o.s.t.w.s.TestDispatcherServlet - Completed initialization in 1 ms
2022-23-04 00:23:16 [main] INFO  o.s.b.t.m.w.SpringBootMockServletContext - Initializing Spring TestDispatcherServlet ''
2022-23-04 00:23:16 [main] INFO  o.s.t.w.s.TestDispatcherServlet - Initializing Servlet ''
2022-23-04 00:23:16 [main] INFO  o.s.t.w.s.TestDispatcherServlet - Completed initialization in 1 ms
2022-23-04 00:23:16 [main] INFO  o.s.b.t.m.w.SpringBootMockServletContext - Initializing Spring TestDispatcherServlet ''
2022-23-04 00:23:16 [main] INFO  o.s.t.w.s.TestDispatcherServlet - Initializing Servlet ''
2022-23-04 00:23:16 [main] INFO  o.s.t.w.s.TestDispatcherServlet - Completed initialization in 2 ms
2022-23-04 00:23:16 [main] INFO  o.s.b.t.m.w.SpringBootMockServletContext - Initializing Spring TestDispatcherServlet ''
2022-23-04 00:23:16 [main] INFO  o.s.t.w.s.TestDispatcherServlet - Initializing Servlet ''
2022-23-04 00:23:16 [main] INFO  o.s.t.w.s.TestDispatcherServlet - Completed initialization in 1 ms
2022-35-04 00:35:52 [main] INFO  c.d.c.w.c.PinControllerTest - Starting PinControllerTest using Java 17.0.2 on Meghdoots-MacBook-Pro.local with PID 25134 (started by meghdoot in /Users/meghdoot/IdeaProjects/group21/backend)
2022-35-04 00:35:52 [main] INFO  c.d.c.w.c.PinControllerTest - The following profiles are active: test
2022-35-04 00:35:57 [main] INFO  o.s.s.web.DefaultSecurityFilterChain - Will secure any request with [org.springframework.security.web.context.request.async.WebAsyncManagerIntegrationFilter@505d2bac, org.springframework.security.web.context.SecurityContextPersistenceFilter@7fc7152e, org.springframework.security.web.header.HeaderWriterFilter@2eebce87, org.springframework.security.web.csrf.CsrfFilter@22da200e, org.springframework.security.web.authentication.logout.LogoutFilter@1a785fd5, org.springframework.security.oauth2.client.web.OAuth2AuthorizationRequestRedirectFilter@2353354a, org.springframework.security.oauth2.client.web.OAuth2AuthorizationRequestRedirectFilter@1c7f6e96, org.springframework.security.oauth2.client.web.OAuth2LoginAuthenticationFilter@6d421fe, org.springframework.security.web.authentication.ui.DefaultLoginPageGeneratingFilter@19b9f903, org.springframework.security.web.authentication.ui.DefaultLogoutPageGeneratingFilter@4cecc15a, org.springframework.security.web.savedrequest.RequestCacheAwareFilter@1412682c, org.springframework.security.web.servletapi.SecurityContextHolderAwareRequestFilter@12cd129c, org.springframework.security.web.authentication.AnonymousAuthenticationFilter@d969452, org.springframework.security.oauth2.client.web.OAuth2AuthorizationCodeGrantFilter@1682e6a, org.springframework.security.web.session.SessionManagementFilter@38f617f4, org.springframework.security.web.access.ExceptionTranslationFilter@7e2c6702, org.springframework.security.web.access.intercept.FilterSecurityInterceptor@6f8667bb]
2022-35-04 00:35:57 [main] INFO  o.s.b.t.m.w.SpringBootMockServletContext - Initializing Spring TestDispatcherServlet ''
2022-35-04 00:35:57 [main] INFO  o.s.t.w.s.TestDispatcherServlet - Initializing Servlet ''
2022-35-04 00:35:57 [main] INFO  o.s.t.w.s.TestDispatcherServlet - Completed initialization in 6 ms
2022-35-04 00:35:57 [main] INFO  c.d.c.w.c.PinControllerTest - Started PinControllerTest in 6.061 seconds (JVM running for 9.117)
2022-35-04 00:35:57 [main] INFO  o.s.b.t.m.w.SpringBootMockServletContext - Initializing Spring TestDispatcherServlet ''
2022-35-04 00:35:57 [main] INFO  o.s.t.w.s.TestDispatcherServlet - Initializing Servlet ''
2022-35-04 00:35:57 [main] INFO  o.s.t.w.s.TestDispatcherServlet - Completed initialization in 7 ms
2022-35-04 00:35:58 [main] INFO  o.s.b.t.m.w.SpringBootMockServletContext - Initializing Spring TestDispatcherServlet ''
2022-35-04 00:35:58 [main] INFO  o.s.t.w.s.TestDispatcherServlet - Initializing Servlet ''
2022-35-04 00:35:58 [main] INFO  o.s.t.w.s.TestDispatcherServlet - Completed initialization in 3 ms
2022-35-04 00:35:58 [main] INFO  o.s.b.t.m.w.SpringBootMockServletContext - Initializing Spring TestDispatcherServlet ''
2022-35-04 00:35:58 [main] INFO  o.s.t.w.s.TestDispatcherServlet - Initializing Servlet ''
2022-35-04 00:35:58 [main] INFO  o.s.t.w.s.TestDispatcherServlet - Completed initialization in 4 ms
2022-35-04 00:35:58 [main] INFO  o.s.b.t.m.w.SpringBootMockServletContext - Initializing Spring TestDispatcherServlet ''
2022-35-04 00:35:58 [main] INFO  o.s.t.w.s.TestDispatcherServlet - Initializing Servlet ''
2022-35-04 00:35:58 [main] INFO  o.s.t.w.s.TestDispatcherServlet - Completed initialization in 1 ms
2022-35-04 00:35:58 [main] INFO  o.s.b.t.m.w.SpringBootMockServletContext - Initializing Spring TestDispatcherServlet ''
2022-35-04 00:35:58 [main] INFO  o.s.t.w.s.TestDispatcherServlet - Initializing Servlet ''
2022-35-04 00:35:58 [main] INFO  o.s.t.w.s.TestDispatcherServlet - Completed initialization in 0 ms
2022-35-04 00:35:58 [main] INFO  o.s.b.t.m.w.SpringBootMockServletContext - Initializing Spring TestDispatcherServlet ''
2022-35-04 00:35:58 [main] INFO  o.s.t.w.s.TestDispatcherServlet - Initializing Servlet ''
2022-35-04 00:35:58 [main] INFO  o.s.t.w.s.TestDispatcherServlet - Completed initialization in 0 ms
2022-35-04 00:35:58 [main] INFO  o.s.b.t.m.w.SpringBootMockServletContext - Initializing Spring TestDispatcherServlet ''
2022-35-04 00:35:58 [main] INFO  o.s.t.w.s.TestDispatcherServlet - Initializing Servlet ''
2022-35-04 00:35:58 [main] INFO  o.s.t.w.s.TestDispatcherServlet - Completed initialization in 1 ms
2022-35-04 00:35:58 [main] INFO  o.s.b.t.m.w.SpringBootMockServletContext - Initializing Spring TestDispatcherServlet ''
2022-35-04 00:35:58 [main] INFO  o.s.t.w.s.TestDispatcherServlet - Initializing Servlet ''
2022-35-04 00:35:58 [main] INFO  o.s.t.w.s.TestDispatcherServlet - Completed initialization in 1 ms
2022-35-04 00:35:58 [main] INFO  o.s.b.t.m.w.SpringBootMockServletContext - Initializing Spring TestDispatcherServlet ''
2022-35-04 00:35:58 [main] INFO  o.s.t.w.s.TestDispatcherServlet - Initializing Servlet ''
2022-35-04 00:35:58 [main] INFO  o.s.t.w.s.TestDispatcherServlet - Completed initialization in 0 ms
2022-35-04 00:35:58 [main] INFO  o.s.b.t.m.w.SpringBootMockServletContext - Initializing Spring TestDispatcherServlet ''
2022-35-04 00:35:58 [main] INFO  o.s.t.w.s.TestDispatcherServlet - Initializing Servlet ''
2022-35-04 00:35:58 [main] INFO  o.s.t.w.s.TestDispatcherServlet - Completed initialization in 0 ms
2022-35-04 00:35:58 [main] INFO  o.s.b.t.m.w.SpringBootMockServletContext - Initializing Spring TestDispatcherServlet ''
2022-35-04 00:35:58 [main] INFO  o.s.t.w.s.TestDispatcherServlet - Initializing Servlet ''
2022-35-04 00:35:58 [main] INFO  o.s.t.w.s.TestDispatcherServlet - Completed initialization in 0 ms
2022-35-04 00:35:58 [main] INFO  o.s.b.t.m.w.SpringBootMockServletContext - Initializing Spring TestDispatcherServlet ''
2022-35-04 00:35:58 [main] INFO  o.s.t.w.s.TestDispatcherServlet - Initializing Servlet ''
2022-35-04 00:35:58 [main] INFO  o.s.t.w.s.TestDispatcherServlet - Completed initialization in 0 ms
2022-35-04 00:35:58 [main] INFO  o.s.b.t.m.w.SpringBootMockServletContext - Initializing Spring TestDispatcherServlet ''
2022-35-04 00:35:58 [main] INFO  o.s.t.w.s.TestDispatcherServlet - Initializing Servlet ''
2022-35-04 00:35:58 [main] INFO  o.s.t.w.s.TestDispatcherServlet - Completed initialization in 0 ms
2022-35-04 00:35:58 [main] INFO  o.s.b.t.m.w.SpringBootMockServletContext - Initializing Spring TestDispatcherServlet ''
2022-35-04 00:35:58 [main] INFO  o.s.t.w.s.TestDispatcherServlet - Initializing Servlet ''
2022-35-04 00:35:58 [main] INFO  o.s.t.w.s.TestDispatcherServlet - Completed initialization in 0 ms
2022-35-04 00:35:58 [main] INFO  o.s.b.t.m.w.SpringBootMockServletContext - Initializing Spring TestDispatcherServlet ''
2022-35-04 00:35:58 [main] INFO  o.s.t.w.s.TestDispatcherServlet - Initializing Servlet ''
2022-35-04 00:35:58 [main] INFO  o.s.t.w.s.TestDispatcherServlet - Completed initialization in 0 ms
2022-35-04 00:35:58 [main] INFO  o.s.b.t.m.w.SpringBootMockServletContext - Initializing Spring TestDispatcherServlet ''
2022-35-04 00:35:58 [main] INFO  o.s.t.w.s.TestDispatcherServlet - Initializing Servlet ''
2022-35-04 00:35:58 [main] INFO  o.s.t.w.s.TestDispatcherServlet - Completed initialization in 0 ms
2022-37-04 00:37:50 [main] INFO  c.d.c.w.c.UserProfileControllerTest - Starting UserProfileControllerTest using Java 17.0.2 on Meghdoots-MacBook-Pro.local with PID 25146 (started by meghdoot in /Users/meghdoot/IdeaProjects/group21/backend)
2022-37-04 00:37:50 [main] INFO  c.d.c.w.c.UserProfileControllerTest - The following profiles are active: test
2022-37-04 00:37:54 [main] INFO  o.s.s.web.DefaultSecurityFilterChain - Will secure any request with [org.springframework.security.web.context.request.async.WebAsyncManagerIntegrationFilter@7afe0e67, org.springframework.security.web.context.SecurityContextPersistenceFilter@147efd9, org.springframework.security.web.header.HeaderWriterFilter@3bd08435, org.springframework.security.web.csrf.CsrfFilter@64440065, org.springframework.security.web.authentication.logout.LogoutFilter@77663cd7, org.springframework.security.oauth2.client.web.OAuth2AuthorizationRequestRedirectFilter@2ba9f986, org.springframework.security.oauth2.client.web.OAuth2AuthorizationRequestRedirectFilter@64c8fcfb, org.springframework.security.oauth2.client.web.OAuth2LoginAuthenticationFilter@634aa81e, org.springframework.security.web.authentication.ui.DefaultLoginPageGeneratingFilter@45b7c97f, org.springframework.security.web.authentication.ui.DefaultLogoutPageGeneratingFilter@6121a7dd, org.springframework.security.web.savedrequest.RequestCacheAwareFilter@1de5cc88, org.springframework.security.web.servletapi.SecurityContextHolderAwareRequestFilter@3ef3f661, org.springframework.security.web.authentication.AnonymousAuthenticationFilter@31228d83, org.springframework.security.oauth2.client.web.OAuth2AuthorizationCodeGrantFilter@2bb717d7, org.springframework.security.web.session.SessionManagementFilter@28e94c2, org.springframework.security.web.access.ExceptionTranslationFilter@5d601832, org.springframework.security.web.access.intercept.FilterSecurityInterceptor@33751d49]
2022-37-04 00:37:55 [main] INFO  o.s.b.t.m.w.SpringBootMockServletContext - Initializing Spring TestDispatcherServlet ''
2022-37-04 00:37:55 [main] INFO  o.s.t.w.s.TestDispatcherServlet - Initializing Servlet ''
2022-37-04 00:37:55 [main] INFO  o.s.t.w.s.TestDispatcherServlet - Completed initialization in 7 ms
2022-37-04 00:37:55 [main] INFO  c.d.c.w.c.UserProfileControllerTest - Started UserProfileControllerTest in 5.947 seconds (JVM running for 9.254)
2022-37-04 00:37:55 [main] INFO  o.s.b.t.m.w.SpringBootMockServletContext - Initializing Spring TestDispatcherServlet ''
2022-37-04 00:37:55 [main] INFO  o.s.t.w.s.TestDispatcherServlet - Initializing Servlet ''
2022-37-04 00:37:55 [main] INFO  o.s.t.w.s.TestDispatcherServlet - Completed initialization in 3 ms
2022-45-04 00:45:48 [main] INFO  c.d.c.w.c.UserProfileControllerTest - Starting UserProfileControllerTest using Java 17.0.2 on Meghdoots-MacBook-Pro.local with PID 25220 (started by meghdoot in /Users/meghdoot/IdeaProjects/group21/backend)
2022-45-04 00:45:48 [main] INFO  c.d.c.w.c.UserProfileControllerTest - The following profiles are active: test
2022-45-04 00:45:53 [main] INFO  o.s.s.web.DefaultSecurityFilterChain - Will secure any request with [org.springframework.security.web.context.request.async.WebAsyncManagerIntegrationFilter@21733cbe, org.springframework.security.web.context.SecurityContextPersistenceFilter@3e52ed5d, org.springframework.security.web.header.HeaderWriterFilter@74a58a06, org.springframework.security.web.csrf.CsrfFilter@65d9e72a, org.springframework.security.web.authentication.logout.LogoutFilter@6e8f2094, org.springframework.security.oauth2.client.web.OAuth2AuthorizationRequestRedirectFilter@56da96b3, org.springframework.security.oauth2.client.web.OAuth2AuthorizationRequestRedirectFilter@5be51aa, org.springframework.security.oauth2.client.web.OAuth2LoginAuthenticationFilter@5c5a91b4, org.springframework.security.web.authentication.ui.DefaultLoginPageGeneratingFilter@5b332439, org.springframework.security.web.authentication.ui.DefaultLogoutPageGeneratingFilter@77ccded4, org.springframework.security.web.savedrequest.RequestCacheAwareFilter@3d40498a, org.springframework.security.web.servletapi.SecurityContextHolderAwareRequestFilter@147efd9, org.springframework.security.web.authentication.AnonymousAuthenticationFilter@64c8fcfb, org.springframework.security.oauth2.client.web.OAuth2AuthorizationCodeGrantFilter@2c8ff67, org.springframework.security.web.session.SessionManagementFilter@3ca17943, org.springframework.security.web.access.ExceptionTranslationFilter@b7d2d51, org.springframework.security.web.access.intercept.FilterSecurityInterceptor@591be8aa]
2022-45-04 00:45:53 [main] INFO  o.s.b.t.m.w.SpringBootMockServletContext - Initializing Spring TestDispatcherServlet ''
2022-45-04 00:45:53 [main] INFO  o.s.t.w.s.TestDispatcherServlet - Initializing Servlet ''
2022-45-04 00:45:53 [main] INFO  o.s.t.w.s.TestDispatcherServlet - Completed initialization in 9 ms
2022-45-04 00:45:53 [main] INFO  c.d.c.w.c.UserProfileControllerTest - Started UserProfileControllerTest in 5.814 seconds (JVM running for 9.399)
2022-45-04 00:45:53 [main] INFO  o.s.b.t.m.w.SpringBootMockServletContext - Initializing Spring TestDispatcherServlet ''
2022-45-04 00:45:53 [main] INFO  o.s.t.w.s.TestDispatcherServlet - Initializing Servlet ''
2022-45-04 00:45:53 [main] INFO  o.s.t.w.s.TestDispatcherServlet - Completed initialization in 10 ms
2022-45-04 00:45:53 [main] INFO  o.s.b.t.m.w.SpringBootMockServletContext - Initializing Spring TestDispatcherServlet ''
2022-45-04 00:45:53 [main] INFO  o.s.t.w.s.TestDispatcherServlet - Initializing Servlet ''
2022-45-04 00:45:53 [main] INFO  o.s.t.w.s.TestDispatcherServlet - Completed initialization in 4 ms
2022-48-04 00:48:42 [main] INFO  c.d.c.w.c.UserProfileControllerTest - Starting UserProfileControllerTest using Java 17.0.2 on Meghdoots-MacBook-Pro.local with PID 25266 (started by meghdoot in /Users/meghdoot/IdeaProjects/group21/backend)
2022-48-04 00:48:42 [main] INFO  c.d.c.w.c.UserProfileControllerTest - The following profiles are active: test
2022-48-04 00:48:46 [main] INFO  o.s.s.web.DefaultSecurityFilterChain - Will secure any request with [org.springframework.security.web.context.request.async.WebAsyncManagerIntegrationFilter@64c8fcfb, org.springframework.security.web.context.SecurityContextPersistenceFilter@28e94c2, org.springframework.security.web.header.HeaderWriterFilter@5d601832, org.springframework.security.web.csrf.CsrfFilter@e01a26b, org.springframework.security.web.authentication.logout.LogoutFilter@d108406, org.springframework.security.oauth2.client.web.OAuth2AuthorizationRequestRedirectFilter@426710f0, org.springframework.security.oauth2.client.web.OAuth2AuthorizationRequestRedirectFilter@6c5747db, org.springframework.security.oauth2.client.web.OAuth2LoginAuthenticationFilter@59ec7020, org.springframework.security.web.authentication.ui.DefaultLoginPageGeneratingFilter@78479f2b, org.springframework.security.web.authentication.ui.DefaultLogoutPageGeneratingFilter@21be14c2, org.springframework.security.web.savedrequest.RequestCacheAwareFilter@482a58c7, org.springframework.security.web.servletapi.SecurityContextHolderAwareRequestFilter@4e4894d, org.springframework.security.web.authentication.AnonymousAuthenticationFilter@19105a87, org.springframework.security.oauth2.client.web.OAuth2AuthorizationCodeGrantFilter@77ccded4, org.springframework.security.web.session.SessionManagementFilter@5170bc02, org.springframework.security.web.access.ExceptionTranslationFilter@45984654, org.springframework.security.web.access.intercept.FilterSecurityInterceptor@7f1f60a0]
2022-48-04 00:48:46 [main] INFO  o.s.b.t.m.w.SpringBootMockServletContext - Initializing Spring TestDispatcherServlet ''
2022-48-04 00:48:46 [main] INFO  o.s.t.w.s.TestDispatcherServlet - Initializing Servlet ''
2022-48-04 00:48:46 [main] INFO  o.s.t.w.s.TestDispatcherServlet - Completed initialization in 6 ms
2022-48-04 00:48:46 [main] INFO  c.d.c.w.c.UserProfileControllerTest - Started UserProfileControllerTest in 5.716 seconds (JVM running for 8.174)
2022-48-04 00:48:46 [main] INFO  o.s.b.t.m.w.SpringBootMockServletContext - Initializing Spring TestDispatcherServlet ''
2022-48-04 00:48:46 [main] INFO  o.s.t.w.s.TestDispatcherServlet - Initializing Servlet ''
2022-48-04 00:48:46 [main] INFO  o.s.t.w.s.TestDispatcherServlet - Completed initialization in 3 ms
2022-48-04 00:48:47 [main] INFO  o.s.b.t.m.w.SpringBootMockServletContext - Initializing Spring TestDispatcherServlet ''
2022-48-04 00:48:47 [main] INFO  o.s.t.w.s.TestDispatcherServlet - Initializing Servlet ''
2022-48-04 00:48:47 [main] INFO  o.s.t.w.s.TestDispatcherServlet - Completed initialization in 4 ms
2022-48-04 00:48:47 [main] INFO  o.s.b.t.m.w.SpringBootMockServletContext - Initializing Spring TestDispatcherServlet ''
2022-48-04 00:48:47 [main] INFO  o.s.t.w.s.TestDispatcherServlet - Initializing Servlet ''
2022-48-04 00:48:47 [main] INFO  o.s.t.w.s.TestDispatcherServlet - Completed initialization in 1 ms
